<?xml version="1.0" encoding="UTF-8"?>
<!-- Generated by org.testng.reporters.JUnitReportReporter -->
<testsuite hostname="Yene" name="com.calculatorgui.artifact.CalculatorTest" tests="4" failures="0" timestamp="29 Oct 2016 12:40:05 GMT" time="0.234" errors="0">
  <testcase name="testDivide" time="0.063" classname="com.calculatorgui.artifact.CalculatorTest"/>
  <testcase name="testSubtract" time="0.015" classname="com.calculatorgui.artifact.CalculatorTest"/>
  <testcase name="testMultiply" time="0.078" classname="com.calculatorgui.artifact.CalculatorTest"/>
  <testcase name="testAdd" time="0.078" classname="com.calculatorgui.artifact.CalculatorTest"/>
</testsuite> <!-- com.calculatorgui.artifact.CalculatorTest -->
